[    0.000000] Linux version 4.15.0-171-generic (buildd@ubuntu) (gcc version 7.5.0 (Ubuntu 7.5.0-3ubuntu1~18.04)) #180-Ubuntu SMP Wed Mar 2 17:25:05 UTC 2022 (Ubuntu 4.15.0-171.180-generic 4.15.18)
[    0.000000] Command line: BOOT_IMAGE=/boot/vmlinuz-4.15.0-171-generic root=LABEL=cloudimg-rootfs ro console=tty1 console=ttyS0
[    0.000000] KERNEL supported cpus:
[    0.000000]   Intel GenuineIntel
[    0.000000]   AMD AuthenticAMD
[    0.000000]   Centaur CentaurHauls
[    0.000000] x86/fpu: Supporting XSAVE feature 0x001: 'x87 floating point registers'
[    0.000000] x86/fpu: Supporting XSAVE feature 0x002: 'SSE registers'
[    0.000000] x86/fpu: Supporting XSAVE feature 0x004: 'AVX registers'
[    0.000000] x86/fpu: xstate_offset[2]:  576, xstate_sizes[2]:  256
[    0.000000] x86/fpu: Enabled xstate features 0x7, context size is 832 bytes, using 'standard' format.
[    0.000000] e820: BIOS-provided physical RAM map:
[    0.000000] BIOS-e820: [mem 0x0000000000000000-0x000000000009fbff] usable
[    0.000000] BIOS-e820: [mem 0x000000000009fc00-0x000000000009ffff] reserved
[    0.000000] BIOS-e820: [mem 0x00000000000f0000-0x00000000000fffff] reserved
[    0.000000] BIOS-e820: [mem 0x0000000000100000-0x00000000dffeffff] usable
[    0.000000] BIOS-e820: [mem 0x00000000dfff0000-0x00000000dfffffff] ACPI data
[    0.000000] BIOS-e820: [mem 0x00000000fec00000-0x00000000fec00fff] reserved
[    0.000000] BIOS-e820: [mem 0x00000000fee00000-0x00000000fee00fff] reserved
[    0.000000] BIOS-e820: [mem 0x00000000fffc0000-0x00000000ffffffff] reserved
[    0.000000] BIOS-e820: [mem 0x0000000100000000-0x000000011fffffff] usable
[    0.000000] NX (Execute Disable) protection: active
[    0.000000] SMBIOS 2.5 present.
[    0.000000] DMI: innotek GmbH VirtualBox/VirtualBox, BIOS VirtualBox 12/01/2006
[    0.000000] Hypervisor detected: KVM
[    0.000000] e820: last_pfn = 0x120000 max_arch_pfn = 0x400000000
[    0.000000] MTRR: Disabled
[    0.000000] x86/PAT: MTRRs disabled, skipping PAT initialization too.
[    0.000000] CPU MTRRs all blank - virtualized system.
[    0.000000] x86/PAT: Configuration [0-7]: WB  WT  UC- UC  WB  WT  UC- UC  
[    0.000000] e820: last_pfn = 0xdfff0 max_arch_pfn = 0x400000000
[    0.000000] found SMP MP-table at [mem 0x0009fff0-0x0009ffff]
[    0.000000] Scanning 1 areas for low memory corruption
[    0.000000] RAMDISK: [mem 0x359cb000-0x36cdcfff]
[    0.000000] ACPI: Early table checksum verification disabled
[    0.000000] ACPI: RSDP 0x00000000000E0000 000024 (v02 VBOX  )
[    0.000000] ACPI: XSDT 0x00000000DFFF0030 00003C (v01 VBOX   VBOXXSDT 00000001 ASL  00000061)
[    0.000000] ACPI: FACP 0x00000000DFFF00F0 0000F4 (v04 VBOX   VBOXFACP 00000001 ASL  00000061)
[    0.000000] ACPI: DSDT 0x00000000DFFF0470 002325 (v02 VBOX   VBOXBIOS 00000002 INTL 20120111)
[    0.000000] ACPI: FACS 0x00000000DFFF0200 000040
[    0.000000] ACPI: FACS 0x00000000DFFF0200 000040
[    0.000000] ACPI: APIC 0x00000000DFFF0240 00005C (v02 VBOX   VBOXAPIC 00000001 ASL  00000061)
[    0.000000] ACPI: SSDT 0x00000000DFFF02A0 0001CC (v01 VBOX   VBOXCPUT 00000002 INTL 20120111)
[    0.000000] ACPI: Reserving FACP table memory at [mem 0xdfff00f0-0xdfff01e3]
[    0.000000] ACPI: Reserving DSDT table memory at [mem 0xdfff0470-0xdfff2794]
[    0.000000] ACPI: Reserving FACS table memory at [mem 0xdfff0200-0xdfff023f]
[    0.000000] ACPI: Reserving FACS table memory at [mem 0xdfff0200-0xdfff023f]
[    0.000000] ACPI: Reserving APIC table memory at [mem 0xdfff0240-0xdfff029b]
[    0.000000] ACPI: Reserving SSDT table memory at [mem 0xdfff02a0-0xdfff046b]
[    0.000000] No NUMA configuration found
[    0.000000] Faking a node at [mem 0x0000000000000000-0x000000011fffffff]
[    0.000000] NODE_DATA(0) allocated [mem 0x11ffd1000-0x11fffbfff]
[    0.000000] kvm-clock: cpu 0, msr 1:1ff50001, primary cpu clock
[    0.000000] kvm-clock: Using msrs 4b564d01 and 4b564d00
[    0.000000] kvm-clock: using sched offset of 3851188869 cycles
[    0.000000] clocksource: kvm-clock: mask: 0xffffffffffffffff max_cycles: 0x1cd42e4dffb, max_idle_ns: 881590591483 ns
[    0.000000] Zone ranges:
[    0.000000]   DMA      [mem 0x0000000000001000-0x0000000000ffffff]
[    0.000000]   DMA32    [mem 0x0000000001000000-0x00000000ffffffff]
[    0.000000]   Normal   [mem 0x0000000100000000-0x000000011fffffff]
[    0.000000]   Device   empty
[    0.000000] Movable zone start for each node
[    0.000000] Early memory node ranges
[    0.000000]   node   0: [mem 0x0000000000001000-0x000000000009efff]
[    0.000000]   node   0: [mem 0x0000000000100000-0x00000000dffeffff]
[    0.000000]   node   0: [mem 0x0000000100000000-0x000000011fffffff]
[    0.000000] Reserved but unavailable: 104 pages
[    0.000000] Initmem setup node 0 [mem 0x0000000000001000-0x000000011fffffff]
[    0.000000] ACPI: PM-Timer IO Port: 0x4008
[    0.000000] IOAPIC[0]: apic_id 2, version 32, address 0xfec00000, GSI 0-23
[    0.000000] ACPI: INT_SRC_OVR (bus 0 bus_irq 0 global_irq 2 dfl dfl)
[    0.000000] ACPI: INT_SRC_OVR (bus 0 bus_irq 9 global_irq 9 low level)
[    0.000000] Using ACPI (MADT) for SMP configuration information
[    0.000000] smpboot: Allowing 2 CPUs, 0 hotplug CPUs
[    0.000000] PM: Registered nosave memory: [mem 0x00000000-0x00000fff]
[    0.000000] PM: Registered nosave memory: [mem 0x0009f000-0x0009ffff]
[    0.000000] PM: Registered nosave memory: [mem 0x000a0000-0x000effff]
[    0.000000] PM: Registered nosave memory: [mem 0x000f0000-0x000fffff]
[    0.000000] PM: Registered nosave memory: [mem 0xdfff0000-0xdfffffff]
[    0.000000] PM: Registered nosave memory: [mem 0xe0000000-0xfebfffff]
[    0.000000] PM: Registered nosave memory: [mem 0xfec00000-0xfec00fff]
[    0.000000] PM: Registered nosave memory: [mem 0xfec01000-0xfedfffff]
[    0.000000] PM: Registered nosave memory: [mem 0xfee00000-0xfee00fff]
[    0.000000] PM: Registered nosave memory: [mem 0xfee01000-0xfffbffff]
[    0.000000] PM: Registered nosave memory: [mem 0xfffc0000-0xffffffff]
[    0.000000] e820: [mem 0xe0000000-0xfebfffff] available for PCI devices
[    0.000000] Booting paravirtualized kernel on KVM
[    0.000000] clocksource: refined-jiffies: mask: 0xffffffff max_cycles: 0xffffffff, max_idle_ns: 7645519600211568 ns
[    0.000000] random: get_random_bytes called from start_kernel+0x99/0x500 with crng_init=0
[    0.000000] setup_percpu: NR_CPUS:8192 nr_cpumask_bits:2 nr_cpu_ids:2 nr_node_ids:1
[    0.000000] percpu: Embedded 50 pages/cpu s167936 r8192 d28672 u1048576
[    0.000000] PV qspinlock hash table entries: 256 (order: 0, 4096 bytes)
[    0.000000] Built 1 zonelists, mobility grouping on.  Total pages: 1032057
[    0.000000] Policy zone: Normal
[    0.000000] Kernel command line: BOOT_IMAGE=/boot/vmlinuz-4.15.0-171-generic root=LABEL=cloudimg-rootfs ro console=tty1 console=ttyS0
[    0.000000] Memory: 4013248K/4193848K available (12300K kernel code, 2483K rwdata, 4324K rodata, 2476K init, 2724K bss, 180600K reserved, 0K cma-reserved)
[    0.000000] SLUB: HWalign=64, Order=0-3, MinObjects=0, CPUs=2, Nodes=1
[    0.000000] Kernel/User page tables isolation: enabled
[    0.000000] ftrace: allocating 39503 entries in 155 pages
[    0.004000] Hierarchical RCU implementation.
[    0.004000] 	RCU restricting CPUs from NR_CPUS=8192 to nr_cpu_ids=2.
[    0.004000] 	Tasks RCU enabled.
[    0.004000] RCU: Adjusting geometry for rcu_fanout_leaf=16, nr_cpu_ids=2
[    0.004000] NR_IRQS: 524544, nr_irqs: 440, preallocated irqs: 16
[    0.004000] Console: colour VGA+ 80x25
[    0.004000] console [tty1] enabled
[    0.004000] console [ttyS0] enabled
[    0.004000] ACPI: Core revision 20170831
[    0.004000] ACPI: 2 ACPI AML tables successfully acquired and loaded
[    0.004000] APIC: Switch to symmetric I/O mode setup
[    0.004000] x2apic enabled
[    0.004000] Switched APIC routing to physical x2apic.
[    0.004000] ..TIMER: vector=0x30 apic1=0 pin1=2 apic2=-1 pin2=-1
[    0.004003] tsc: Detected 2399.998 MHz processor
[    0.005234] Calibrating delay loop (skipped) preset value.. 4799.99 BogoMIPS (lpj=9599992)
[    0.005773] pid_max: default: 32768 minimum: 301
[    0.008031] Security Framework initialized
[    0.008821] Yama: becoming mindful.
[    0.009516] AppArmor: AppArmor initialized
[    0.013471] Dentry cache hash table entries: 524288 (order: 10, 4194304 bytes)
[    0.017428] Inode-cache hash table entries: 262144 (order: 9, 2097152 bytes)
[    0.018862] Mount-cache hash table entries: 8192 (order: 4, 65536 bytes)
[    0.020000] Mountpoint-cache hash table entries: 8192 (order: 4, 65536 bytes)
[    0.020226] Last level iTLB entries: 4KB 64, 2MB 8, 4MB 8
[    0.021274] Last level dTLB entries: 4KB 64, 2MB 0, 4MB 0, 1GB 4
[    0.024004] Spectre V1 : Mitigation: usercopy/swapgs barriers and __user pointer sanitization
[    0.025915] Spectre V2 : Mitigation: Retpolines
[    0.026747] Spectre V2 : Spectre v2 / SpectreRSB mitigation: Filling RSB on context switch
[    0.028001] Speculative Store Bypass: Vulnerable
[    0.029013] SRBDS: Unknown: Dependent on hypervisor status
[    0.030691] MDS: Mitigation: Clear CPU buffers
[    0.032141] Freeing SMP alternatives memory: 36K
[    0.144547] smpboot: CPU0: Intel(R) Core(TM) i5-8279U CPU @ 2.40GHz (family: 0x6, model: 0x8e, stepping: 0xa)
[    0.146918] Performance Events: unsupported p6 CPU model 142 no PMU driver, software events only.
[    0.148030] Hierarchical SRCU implementation.
[    0.149790] NMI watchdog: Perf event create on CPU 0 failed with -2
[    0.150958] NMI watchdog: Perf NMI watchdog permanently disabled
[    0.152035] smp: Bringing up secondary CPUs ...
[    0.154389] x86: Booting SMP configuration:
[    0.156004] .... node  #0, CPUs:      #1
[    0.004000] kvm-clock: cpu 1, msr 1:1ff50041, secondary cpu clock
[    0.160035] smp: Brought up 1 node, 2 CPUs
[    0.160842] smpboot: Max logical packages: 1
[    0.161923] smpboot: Total of 2 processors activated (9599.99 BogoMIPS)
[    0.164194] devtmpfs: initialized
[    0.164791] x86/mm: Memory block size: 128MB
[    0.165850] evm: security.selinux
[    0.166507] evm: security.SMACK64
[    0.168002] evm: security.SMACK64EXEC
[    0.168716] evm: security.SMACK64TRANSMUTE
[    0.169520] evm: security.SMACK64MMAP
[    0.170259] evm: security.apparmor
[    0.170927] evm: security.ima
[    0.171538] evm: security.capability
[    0.172080] clocksource: jiffies: mask: 0xffffffff max_cycles: 0xffffffff, max_idle_ns: 7645041785100000 ns
[    0.174014] futex hash table entries: 512 (order: 3, 32768 bytes)
[    0.175186] pinctrl core: initialized pinctrl subsystem
[    0.176088] RTC time:  3:03:45, date: 03/21/22
[    0.177072] NET: Registered protocol family 16
[    0.178180] audit: initializing netlink subsys (disabled)
[    0.180029] audit: type=2000 audit(1647831830.309:1): state=initialized audit_enabled=0 res=1
[    0.180098] cpuidle: using governor ladder
[    0.180932] cpuidle: using governor menu
[    0.181738] ACPI: bus type PCI registered
[    0.184009] acpiphp: ACPI Hot Plug PCI Controller Driver version: 0.5
[    0.185435] PCI: Using configuration type 1 for base access
[    0.188513] HugeTLB registered 2.00 MiB page size, pre-allocated 0 pages
[    0.189333] ACPI: Added _OSI(Module Device)
[    0.189333] ACPI: Added _OSI(Processor Device)
[    0.189716] ACPI: Added _OSI(3.0 _SCP Extensions)
[    0.192002] ACPI: Added _OSI(Processor Aggregator Device)
[    0.193133] ACPI: Added _OSI(Linux-Dell-Video)
[    0.194061] ACPI: Added _OSI(Linux-Lenovo-NV-HDMI-Audio)
[    0.195059] ACPI: Added _OSI(Linux-HPI-Hybrid-Graphics)
[    0.196361] ACPI: Executed 1 blocks of module-level executable AML code
[    0.201599] ACPI: Interpreter enabled
[    0.202327] ACPI: (supports S0 S5)
[    0.202995] ACPI: Using IOAPIC for interrupt routing
[    0.204000] PCI: Using host bridge windows from ACPI; if necessary, use "pci=nocrs" and report a bug
[    0.204213] ACPI: Enabled 2 GPEs in block 00 to 07
[    0.213422] ACPI: PCI Root Bridge [PCI0] (domain 0000 [bus 00-ff])
[    0.215063] acpi PNP0A03:00: _OSC: OS supports [ASPM ClockPM Segments MSI]
[    0.216344] acpi PNP0A03:00: _OSC: not requesting OS control; OS requires [ExtendedConfig ASPM ClockPM MSI]
[    0.218593] acpi PNP0A03:00: fail to add MMCONFIG information, can't access extended PCI configuration space under this bridge.
[    0.220579] PCI host bridge to bus 0000:00
[    0.221715] pci_bus 0000:00: root bus resource [io  0x0000-0x0cf7 window]
[    0.224004] pci_bus 0000:00: root bus resource [io  0x0d00-0xffff window]
[    0.225431] pci_bus 0000:00: root bus resource [mem 0x000a0000-0x000bffff window]
[    0.226893] pci_bus 0000:00: root bus resource [mem 0xe0000000-0xfdffffff window]
[    0.228004] pci_bus 0000:00: root bus resource [bus 00-ff]
[    0.233031] pci 0000:00:01.1: legacy IDE quirk: reg 0x10: [io  0x01f0-0x01f7]
[    0.234448] pci 0000:00:01.1: legacy IDE quirk: reg 0x14: [io  0x03f6]
[    0.235663] pci 0000:00:01.1: legacy IDE quirk: reg 0x18: [io  0x0170-0x0177]
[    0.236004] pci 0000:00:01.1: legacy IDE quirk: reg 0x1c: [io  0x0376]
[    0.268963] pci 0000:00:07.0: quirk: [io  0x4000-0x403f] claimed by PIIX4 ACPI
[    0.271038] pci 0000:00:07.0: quirk: [io  0x4100-0x410f] claimed by PIIX4 SMB
[    0.292023] ACPI: PCI Interrupt Link [LNKA] (IRQs 5 9 10 *11)
[    0.294290] ACPI: PCI Interrupt Link [LNKB] (IRQs 5 9 *10 11)
[    0.295485] ACPI: PCI Interrupt Link [LNKC] (IRQs 5 *9 10 11)
[    0.296119] ACPI: PCI Interrupt Link [LNKD] (IRQs 5 9 10 *11)
[    0.297586] SCSI subsystem initialized
[    0.298365] pci 0000:00:02.0: vgaarb: setting as boot VGA device
[    0.298365] pci 0000:00:02.0: vgaarb: VGA device added: decodes=io+mem,owns=io+mem,locks=none
[    0.300008] pci 0000:00:02.0: vgaarb: bridge control possible
[    0.301082] vgaarb: loaded
[    0.301885] ACPI: bus type USB registered
[    0.304024] usbcore: registered new interface driver usbfs
[    0.305185] usbcore: registered new interface driver hub
[    0.306329] usbcore: registered new device driver usb
[    0.308021] EDAC MC: Ver: 3.0.0
[    0.308934] PCI: Using ACPI for IRQ routing
[    0.309154] NetLabel: Initializing
[    0.309831] NetLabel:  domain hash size = 128
[    0.310754] NetLabel:  protocols = UNLABELED CIPSOv4 CALIPSO
[    0.312025] NetLabel:  unlabeled traffic allowed by default
[    0.314571] clocksource: Switched to clocksource kvm-clock
[    0.325200] VFS: Disk quotas dquot_6.6.0
[    0.326720] VFS: Dquot-cache hash table entries: 512 (order 0, 4096 bytes)
[    0.328414] AppArmor: AppArmor Filesystem Enabled
[    0.329901] pnp: PnP ACPI init
[    0.331995] pnp: PnP ACPI: found 3 devices
[    0.340911] clocksource: acpi_pm: mask: 0xffffff max_cycles: 0xffffff, max_idle_ns: 2085701024 ns
[    0.342872] NET: Registered protocol family 2
[    0.343766] IP idents hash table entries: 65536 (order: 7, 524288 bytes)
[    0.345421] TCP established hash table entries: 32768 (order: 6, 262144 bytes)
[    0.346887] TCP bind hash table entries: 32768 (order: 7, 524288 bytes)
[    0.348446] TCP: Hash tables configured (established 32768 bind 32768)
[    0.351691] UDP hash table entries: 2048 (order: 4, 65536 bytes)
[    0.353021] UDP-Lite hash table entries: 2048 (order: 4, 65536 bytes)
[    0.354254] NET: Registered protocol family 1
[    0.355096] pci 0000:00:00.0: Limiting direct PCI/PCI transfers
[    0.356240] pci 0000:00:01.0: Activating ISA DMA hang workarounds
[    0.357429] pci 0000:00:02.0: Video device with shadowed ROM at [mem 0x000c0000-0x000dffff]
[    0.359718] Unpacking initramfs...
[    0.634521] Freeing initrd memory: 19528K
[    0.635455] PCI-DMA: Using software bounce buffering for IO (SWIOTLB)
[    0.637090] software IO TLB: mapped [mem 0xdbff0000-0xdfff0000] (64MB)
[    0.638344] clocksource: tsc: mask: 0xffffffffffffffff max_cycles: 0x229835b7123, max_idle_ns: 440795242976 ns
[    0.640237] platform rtc_cmos: registered platform RTC device (no PNP device found)
[    0.641750] Scanning for low memory corruption every 60 seconds
[    0.643662] Initialise system trusted keyrings
[    0.644589] Key type blacklist registered
[    0.645406] workingset: timestamp_bits=36 max_order=20 bucket_order=0
[    0.647280] zbud: loaded
[    0.649758] squashfs: version 4.0 (2009/01/31) Phillip Lougher
[    0.651921] fuse init (API version 7.26)
[    0.654458] Key type asymmetric registered
[    0.655244] Asymmetric key parser 'x509' registered
[    0.656167] Block layer SCSI generic (bsg) driver version 0.4 loaded (major 246)
[    0.658373] io scheduler noop registered
[    0.659161] io scheduler deadline registered
[    0.660021] io scheduler cfq registered (default)
[    0.661454] ACPI: AC Adapter [AC] (on-line)
[    0.662501] input: Power Button as /devices/LNXSYSTM:00/LNXPWRBN:00/input/input0
[    0.664085] ACPI: Power Button [PWRF]
[    0.664916] input: Sleep Button as /devices/LNXSYSTM:00/LNXSLPBN:00/input/input1
[    0.666707] ACPI: Sleep Button [SLPF]
[    0.668956] ACPI: Battery Slot [BAT0] (battery present)
[    0.670115] Serial: 8250/16550 driver, 32 ports, IRQ sharing enabled
[    0.692569] 00:02: ttyS0 at I/O 0x3f8 (irq = 4, base_baud = 115200) is a 16550A
[    0.696561] Linux agpgart interface v0.103
[    0.700816] loop: module loaded
[    0.702006] scsi host0: ata_piix
[    0.702737] scsi host1: ata_piix
[    0.703399] ata1: PATA max UDMA/33 cmd 0x1f0 ctl 0x3f6 bmdma 0xd000 irq 14
[    0.704708] ata2: PATA max UDMA/33 cmd 0x170 ctl 0x376 bmdma 0xd008 irq 15
[    0.706058] libphy: Fixed MDIO Bus: probed
[    0.706864] tun: Universal TUN/TAP device driver, 1.6
[    0.708214] PPP generic driver version 2.4.2
[    0.709298] ehci_hcd: USB 2.0 'Enhanced' Host Controller (EHCI) Driver
[    0.710591] ehci-pci: EHCI PCI platform driver
[    0.711425] ehci-platform: EHCI generic platform driver
[    0.712465] ohci_hcd: USB 1.1 'Open' Host Controller (OHCI) Driver
[    0.714052] ohci-pci: OHCI PCI platform driver
[    0.715101] ohci-platform: OHCI generic platform driver
[    0.716138] uhci_hcd: USB Universal Host Controller Interface driver
[    0.718022] i8042: PNP: PS/2 Controller [PNP0303:PS2K,PNP0f03:PS2M] at 0x60,0x64 irq 1,12
[    0.720604] serio: i8042 KBD port at 0x60,0x64 irq 1
[    0.721578] serio: i8042 AUX port at 0x60,0x64 irq 12
[    0.722669] mousedev: PS/2 mouse device common for all mice
[    0.724548] input: AT Translated Set 2 keyboard as /devices/platform/i8042/serio0/input/input2
[    0.726379] rtc_cmos rtc_cmos: rtc core: registered rtc_cmos as rtc0
[    0.727649] rtc_cmos rtc_cmos: alarms up to one day, 114 bytes nvram
[    0.729160] i2c /dev entries driver
[    0.729892] device-mapper: uevent: version 1.0.3
[    0.730905] device-mapper: ioctl: 4.37.0-ioctl (2017-09-20) initialised: dm-devel@redhat.com
[    0.732821] ledtrig-cpu: registered to indicate activity on CPUs
[    0.734293] NET: Registered protocol family 10
[    0.738475] Segment Routing with IPv6
[    0.739238] NET: Registered protocol family 17
[    0.740158] Key type dns_resolver registered
[    0.741259] mce: Using 0 MCE banks
[    0.741952] RAS: Correctable Errors collector initialized.
[    0.742962] sched_clock: Marking stable (741203006, 0)->(1010426238, -269223232)
[    0.744720] registered taskstats version 1
[    0.745549] Loading compiled-in X.509 certificates
[    0.748177] Loaded X.509 cert 'Build time autogenerated kernel key: af32452646252a8bcb28446c2c4754d4174d97ad'
[    0.751305] Loaded X.509 cert 'Canonical Ltd. Live Patch Signing: 14df34d1a87cf37625abec039ef2bf521249b969'
[    0.754014] Loaded X.509 cert 'Canonical Ltd. Kernel Module Signing: 88f752e560a1e0737e31163a466ad7b70a850c19'
[    0.756084] blacklist: Loading compiled-in revocation X.509 certificates
[    0.757733] Loaded X.509 cert 'Canonical Ltd. Secure Boot Signing: 61482aa2830d0ab2ad5af10b7250da9033ddcef0'
[    0.759615] zswap: loaded using pool lzo/zbud
[    0.763161] Key type big_key registered
[    0.763937] Key type trusted registered
[    0.766338] Key type encrypted registered
[    0.767138] AppArmor: AppArmor sha1 policy hashing enabled
[    0.768190] ima: No TPM chip found, activating TPM-bypass! (rc=-19)
[    0.769516] ima: Allocated hash algorithm: sha1
[    0.770426] evm: HMAC attrs: 0x1
[    0.771367]   Magic number: 14:387:58
[    0.772212] rtc_cmos rtc_cmos: setting system clock to 2022-03-21 03:03:45 UTC (1647831825)
[    0.774051] BIOS EDD facility v0.16 2004-Jun-25, 0 devices found
[    0.775177] EDD information not available.
[    0.890442] Freeing unused kernel image memory: 2476K
[    0.904609] Write protecting the kernel read-only data: 20480k
[    0.906675] Freeing unused kernel image memory: 2008K
[    0.908182] Freeing unused kernel image memory: 1820K
[    0.914944] x86/mm: Checked W+X mappings: passed, no W+X pages found.
[    0.916521] x86/mm: Checking user space page tables
[    0.922587] x86/mm: Checked W+X mappings: passed, no W+X pages found.
Loading, please wait...
starting version 237
[    0.981637] e1000: Intel(R) PRO/1000 Network Driver - version 7.3.21-k8-NAPI
[    0.983578] e1000: Copyright (c) 1999-2006 Intel Corporation.
[    0.988524] Fusion MPT base driver 3.04.20
[    0.989755] Copyright (c) 1999-2008 LSI Corporation
[    0.994674] Fusion MPT SPI Host driver 3.04.20
[    1.005692] AVX2 version of gcm_enc/dec engaged.
[    1.007055] AES CTR mode by8 optimization enabled
[    1.245282] input: ImExPS/2 Generic Explorer Mouse as /devices/platform/i8042/serio1/input/input4
[    1.427976] e1000 0000:00:03.0 eth0: (PCI:33MHz:32-bit) 02:c8:d3:21:ca:c6
[    1.430323] e1000 0000:00:03.0 eth0: Intel(R) PRO/1000 Network Connection
[    1.432432] mptbase: ioc0: Initiating bringup
[    2.881315] ioc0: LSI53C1030 A0: Capabilities={Initiator}
[    5.702401] scsi host2: ioc0: LSI53C1030 A0, FwRev=00000000h, Ports=1, MaxQ=256, IRQ=20
[    9.642435] scsi 2:0:0:0: Direct-Access     VBOX     HARDDISK         1.0  PQ: 0 ANSI: 5
[   10.839325] scsi target2:0:0: Beginning Domain Validation
[   10.892871] scsi target2:0:0: Domain Validation skipping write tests
[   10.894216] scsi target2:0:0: Ending Domain Validation
[   10.899686] scsi target2:0:0: asynchronous
[   10.904726] scsi 2:0:1:0: Direct-Access     VBOX     HARDDISK         1.0  PQ: 0 ANSI: 5
[   11.164543] scsi target2:0:1: Beginning Domain Validation
[   11.167229] random: fast init done
[   11.168965] scsi target2:0:1: Domain Validation skipping write tests
[   11.170493] scsi target2:0:1: Ending Domain Validation
[   11.171609] scsi target2:0:1: asynchronous
[   11.176672] sd 2:0:0:0: Attached scsi generic sg0 type 0
[   11.176698] random: systemd-udevd: uninitialized urandom read (16 bytes read)
[   11.178595] sd 2:0:1:0: Attached scsi generic sg1 type 0
[   11.180269] random: systemd-udevd: uninitialized urandom read (16 bytes read)
[   11.182713] random: systemd-udevd: uninitialized urandom read (16 bytes read)
[   11.184601] sd 2:0:0:0: [sda] 83886080 512-byte logical blocks: (42.9 GB/40.0 GiB)
[   11.186639] sd 2:0:1:0: [sdb] 20480 512-byte logical blocks: (10.5 MB/10.0 MiB)
[   11.188920] sd 2:0:0:0: [sda] Write Protect is off
[   11.190056] sd 2:0:1:0: [sdb] Write Protect is off
[   11.191735] sd 2:0:0:0: [sda] Incomplete mode parameter data
[   11.192973] sd 2:0:0:0: [sda] Assuming drive cache: write through
[   11.195149] sd 2:0:1:0: [sdb] Incomplete mode parameter data
[   11.196497] sd 2:0:1:0: [sdb] Assuming drive cache: write through
[   11.199344]  sda: sda1
[   11.200744] sd 2:0:0:0: [sda] Attached SCSI disk
[   11.202553] sd 2:0:1:0: [sdb] Attached SCSI disk
[   11.211570] e1000 0000:00:08.0 eth1: (PCI:33MHz:32-bit) 08:00:27:0b:41:77
[   11.213220] e1000 0000:00:08.0 eth1: Intel(R) PRO/1000 Network Connection
[   11.216325] e1000 0000:00:08.0 enp0s8: renamed from eth1
[   11.229511] e1000 0000:00:03.0 enp0s3: renamed from eth0
Begin: Loading essential drivers ... [   12.784142] raid6: sse2x1   gen()  8644 MB/s
[   12.832156] raid6: sse2x1   xor()  5241 MB/s
[   12.880120] raid6: sse2x2   gen()  9645 MB/s
[   12.928111] raid6: sse2x2   xor()  8815 MB/s
[   12.976108] raid6: sse2x4   gen() 13092 MB/s
[   13.024104] raid6: sse2x4   xor()  7303 MB/s
[   13.072131] raid6: avx2x1   gen() 15932 MB/s
[   13.120099] raid6: avx2x1   xor() 11992 MB/s
[   13.168159] raid6: avx2x2   gen() 21759 MB/s
[   13.216114] raid6: avx2x2   xor() 17377 MB/s
[   13.264140] raid6: avx2x4   gen() 33527 MB/s
[   13.336055] raid6: avx2x4   xor() 20790 MB/s
[   13.337252] raid6: using algorithm avx2x4 gen() 33527 MB/s
[   13.338251] raid6: .... xor() 20790 MB/s, rmw enabled
[   13.339177] raid6: using avx2x2 recovery algorithm
[   13.341417] xor: automatically using best checksumming function   avx       
[   13.343770] async_tx: api initialized (async)
done.
Begin: Running /scripts/init-premount ... done.
Begin: Mounting root file system ... Begin: Running /scripts/local-top ... done.
Begin: Running /scripts/local-premount ... [   13.381883] Btrfs loaded, crc32c=crc32c-intel
Scanning for Btrfs filesystems
done.
Warning: fsck not present, so skipping root file system
[   13.402388] EXT4-fs (sda1): mounted filesystem with ordered data mode. Opts: (null)
done.
Begin: Running /scripts/local-bottom ... done.
Begin: Running /scripts/init-bottom ... done.
[   13.524906] ip_tables: (C) 2000-2006 Netfilter Core Team
[   13.531217] systemd[1]: systemd 237 running in system mode. (+PAM +AUDIT +SELINUX +IMA +APPARMOR +SMACK +SYSVINIT +UTMP +LIBCRYPTSETUP +GCRYPT +GNUTLS +ACL +XZ +LZ4 +SECCOMP +BLKID +ELFUTILS +KMOD -IDN2 +IDN -PCRE2 default-hierarchy=hybrid)
[   13.535319] systemd[1]: Detected virtualization oracle.
[   13.536518] systemd[1]: Detected architecture x86-64.

Welcome to [1mUbuntu 18.04.6 LTS[0m!

[   13.541227] systemd[1]: Set hostname to <ubuntu>.
[   13.544574] systemd[1]: Initializing machine ID from random generator.
[   13.545835] systemd[1]: Installed transient /etc/machine-id file.
[   13.742003] systemd[1]: Reached target Swap.
[[0;32m  OK  [0m] Reached target Swap.
[   13.743659] systemd[1]: Reached target User and Group Name Lookups.
[[0;32m  OK  [0m] Reached target User and Group Name Lookups.
[   13.745841] systemd[1]: Reached target System Time Synchronized.
[[0;32m  OK  [0m] Reached target System Time Synchronized.
[   13.748441] systemd[1]: Set up automount Arbitrary Executable File Formats File System Automount Point.
[[0;32m  OK  [0m] Set up automount Arbitrary Executab…rmats File System Automount Point.
[[0;32m  OK  [0m] Created slice User and Session Slice.
[[0;32m  OK  [0m] Created slice System Slice.
[[0;32m  OK  [0m] Listening on udev Kernel Socket.
[[0;32m  OK  [0m] Listening on Journal Socket.
         Starting Uncomplicated firewall...
[[0;32m  OK  [0m] Listening on /dev/initctl Compatibility Named Pipe.
         Starting Set the console keyboard layout...
[[0;32m  OK  [0m] Listening on Journal Audit Socket.
[[0;32m  OK  [0m] Created slice system-serial\x2dgetty.slice.
[[0;32m  OK  [0m] Listening on LVM2 metadata daemon socket.
[[0;32m  OK  [0m] Listening on Journal Socket (/dev/log).
         Starting Load Kernel Modules...
         Starting Create list of required st…ce nodes for the current kernel...
[[0;32m  OK  [0m] Listening on fsck to fsckd communication Socket.
         Starting File System Check on Root Device...
[[0;32m  OK  [0m] Reached target Slices.
[[0;32m  OK  [0m] Listening on Syslog Socket.
         Mounting POSIX Message Queue File System...
[[0;32m  OK  [0m] Listening on Device-mapper event daemon FIFOs.
[   13.789586] Loading iSCSI transport class v2.0-870.
[   13.796535] iscsi: registered transport (tcp)
         Mounting Kernel Debug File System...
[[0;32m  OK  [0m] Listening on LVM2 poll daemon socket.
[   13.808485] iscsi: registered transport (iser)
         Mounting Huge Pages File System...
[[0;32m  OK  [0m] Started Forward Password Requests to Wall Directory Watch.
[[0;32m  OK  [0m] Listening on udev Control Socket.
         Starting udev Coldplug all Devices...
         Starting Monitoring of LVM2 mirrors…ng dmeventd or progress polling...
         Starting Journal Service...
[[0;32m  OK  [0m] Listening on Network Service Netlink Socket.
[[0;32m  OK  [0m] Started Uncomplicated firewall.
[[0;32m  OK  [0m] Started Load Kernel Modules.
[[0;32m  OK  [0m] Started Create list of required sta…vice nodes for the current kernel.
[[0;32m  OK  [0m] Mounted POSIX Message Queue File System.
[[0;32m  OK  [0m] Mounted Kernel Debug File System.
[[0;32m  OK  [0m] Mounted Huge Pages File System.
[[0;32m  OK  [0m] Started File System Check Daemon to report status.
         Starting Create Static Device Nodes in /dev...
         Mounting FUSE Control File System...
         Mounting Kernel Configuration File System...
         Starting Apply Kernel Variables...
[[0;32m  OK  [0m] Mounted Kernel Configuration File System.
[[0;32m  OK  [0m] Mounted FUSE Control File System.
[[0;32m  OK  [0m] Started LVM2 metadata daemon.
[[0;32m  OK  [0m] Started udev Coldplug all Devices.
[[0;32m  OK  [0m] Started File System Check on Root Device.
         Starting Remount Root and Kernel File Systems...
[[0;32m  OK  [0m] Started Journal Service.
[[0;32m  OK  [0m] Started Create Static Device Nodes in /dev.
[[0;32m  OK  [0m] Started Apply Kernel Variables.
[[0;32m  OK  [0m] Started Remount Root and Kernel File Systems.
[[0;32m  OK  [0m] Started Monitoring of LVM2 mirrors,…sing dmeventd or progress polling.
         Starting Flush Journal to Persistent Storage...
         Starting udev Kernel Device Manager...
         Starting Load/Save Random Seed...
[[0;32m  OK  [0m] Started Load/Save Random Seed.
[[0;32m  OK  [0m] Started udev Kernel Device Manager.
[[0;32m  OK  [0m] Started Flush Journal to Persistent Storage.
[[0;32m  OK  [0m] Found device /dev/ttyS0.
[[0;32m  OK  [0m] Listening on Load/Save RF Kill Switch Status /dev/rfkill Watch.
[[0;32m  OK  [0m] Started Set the console keyboard layout.
[[0;32m  OK  [0m] Reached target Local File Systems (Pre).
[[0;32m  OK  [0m] Reached target Local File Systems.
         Starting Create Volatile Files and Directories...
         Starting Tell Plymouth To Write Out Runtime Data...
         Starting ebtables ruleset management...
         Starting Commit a transient machine-id on disk...
         Starting AppArmor initialization...
         Starting Set console font and keymap...
[[0;32m  OK  [0m] Started Dispatch Password Requests to Console Directory Watch.
[[0;32m  OK  [0m] Reached target Local Encrypted Volumes.
[[0;32m  OK  [0m] Started Create Volatile Files and Directories.
[[0;32m  OK  [0m] Started Tell Plymouth To Write Out Runtime Data.
[[0;32m  OK  [0m] Started Set console font and keymap.
         Starting Update UTMP about System Boot/Shutdown...
[[0;32m  OK  [0m] Started Update UTMP about System Boot/Shutdown.
[[0;32m  OK  [0m] Started Commit a transient machine-id on disk.
[[0;32m  OK  [0m] Started ebtables ruleset management.
[[0;32m  OK  [0m] Started AppArmor initialization.
         Starting Load AppArmor profiles managed internally by snapd...
         Starting Initial cloud-init job (pre-networking)...
[[0;32m  OK  [0m] Started Load AppArmor profiles managed internally by snapd.
[   16.004653] cloud-init[688]: Cloud-init v. 21.4-0ubuntu1~18.04.1 running 'init-local' at Mon, 21 Mar 2022 03:04:00 +0000. Up 15.68 seconds.
[[0;32m  OK  [0m] Started Initial cloud-init job (pre-networking).
[[0;32m  OK  [0m] Reached target Network (Pre).
         Starting Network Service...
[[0;32m  OK  [0m] Started Network Service.
         Starting Wait for Network to be Configured...
         Starting Network Name Resolution...
[[0;32m  OK  [0m] Started Network Name Resolution.
[[0;32m  OK  [0m] Reached target Network.
[[0;32m  OK  [0m] Reached target Host and Network Name Lookups.
[[0;32m  OK  [0m] Started Wait for Network to be Configured.
         Starting Initial cloud-init job (metadata service crawler)...
[   18.307170] cloud-init[804]: Cloud-init v. 21.4-0ubuntu1~18.04.1 running 'init' at Mon, 21 Mar 2022 03:04:02 +0000. Up 18.18 seconds.
[   18.320232] cloud-init[804]: ci-info: ++++++++++++++++++++++++++++++++++++++Net device info+++++++++++++++++++++++++++++++++++++++
[   18.322909] cloud-init[804]: ci-info: +--------+-------+----------------------------+---------------+--------+-------------------+
[   18.325009] cloud-init[804]: ci-info: | Device |   Up  |          Address           |      Mask     | Scope  |     Hw-Address    |
[   18.327515] cloud-init[804]: ci-info: +--------+-------+----------------------------+---------------+--------+-------------------+
[   18.330051] cloud-init[804]: ci-info: | enp0s3 |  True |         10.0.2.15          | 255.255.255.0 | global | 02:c8:d3:21:ca:c6 |
[   18.332182] cloud-init[804]: ci-info: | enp0s3 |  True | fe80::c8:d3ff:fe21:cac6/64 |       .       |  link  | 02:c8:d3:21:ca:c6 |
[   18.336156] cloud-init[804]: ci-info: | enp0s8 | False |             .              |       .       |   .    | 08:00:27:0b:41:77 |
[   18.338428] cloud-init[804]: ci-info: |   lo   |  True |         127.0.0.1          |   255.0.0.0   |  host  |         .         |
[   18.341542] cloud-init[804]: ci-info: |   lo   |  True |          ::1/128           |       .       |  host  |         .         |
[   18.343311] cloud-init[804]: ci-info: +--------+-------+----------------------------+---------------+--------+-------------------+
[   18.356429] cloud-init[804]: ci-info: ++++++++++++++++++++++++++++Route IPv4 info+++++++++++++++++++++++++++++
[   18.357604] cloud-init[804]: ci-info: +-------+-------------+----------+-----------------+-----------+-------+
[   18.359034] cloud-init[804]: ci-info: | Route | Destination | Gateway  |     Genmask     | Interface | Flags |
[   18.360718] cloud-init[804]: ci-info: +-------+-------------+----------+-----------------+-----------+-------+
[   18.372179] cloud-init[804]: ci-info: |   0   |   0.0.0.0   | 10.0.2.2 |     0.0.0.0     |   enp0s3  |   UG  |
[   18.384377] cloud-init[804]: ci-info: |   1   |   10.0.2.0  | 0.0.0.0  |  255.255.255.0  |   enp0s3  |   U   |
[   18.387322] cloud-init[804]: ci-info: |   2   |   10.0.2.2  | 0.0.0.0  | 255.255.255.255 |   enp0s3  |   UH  |
[   18.390097] cloud-init[804]: ci-info: +-------+-------------+----------+-----------------+-----------+-------+
[   18.392750] cloud-init[804]: ci-info: +++++++++++++++++++Route IPv6 info+++++++++++++++++++
[   18.394167] cloud-init[804]: ci-info: +-------+-------------+---------+-----------+-------+
[   18.404212] cloud-init[804]: ci-info: | Route | Destination | Gateway | Interface | Flags |
[   18.406088] cloud-init[804]: ci-info: +-------+-------------+---------+-----------+-------+
[   18.407553] cloud-init[804]: ci-info: |   1   |  fe80::/64  |    ::   |   enp0s3  |   U   |
[   18.420253] cloud-init[804]: ci-info: |   3   |    local    |    ::   |   enp0s3  |   U   |
[   18.422311] cloud-init[804]: ci-info: |   4   |   ff00::/8  |    ::   |   enp0s3  |   U   |
[   18.424029] cloud-init[804]: ci-info: +-------+-------------+---------+-----------+-------+
[   18.927232] cloud-init[804]: Generating public/private rsa key pair.
[   18.928833] cloud-init[804]: Your identification has been saved in /etc/ssh/ssh_host_rsa_key.
[   18.931204] cloud-init[804]: Your public key has been saved in /etc/ssh/ssh_host_rsa_key.pub.
[   18.932963] cloud-init[804]: The key fingerprint is:
[   18.933851] cloud-init[804]: SHA256:kLMp43IIbOaCOIs89lLYTzUBW9/8Z9ljLXQC9RN3q9Y root@ubuntu-bionic
[   18.935706] cloud-init[804]: The key's randomart image is:
[   18.936946] cloud-init[804]: +---[RSA 2048]----+
[   18.938040] cloud-init[804]: |     ...    ....o|
[   18.948271] cloud-init[804]: |      oo. o  . .=|
[   18.949295] cloud-init[804]: |     .+ .. o  ooo|
[   18.960527] cloud-init[804]: |.      B    ..oo=|
[   18.961860] cloud-init[804]: |.+o o + S    +.Eo|
[   18.962703] cloud-init[804]: |*o = +      . +..|
[   18.963460] cloud-init[804]: |=.+ =            |
[   18.964223] cloud-init[804]: |+* o .           |
[   18.964952] cloud-init[804]: |+.+.             |
[   18.965689] cloud-init[804]: +----[SHA256]-----+
[   18.966420] cloud-init[804]: Generating public/private dsa key pair.
[   18.967413] cloud-init[804]: Your identification has been saved in /etc/ssh/ssh_host_dsa_key.
[   18.968703] cloud-init[804]: Your public key has been saved in /etc/ssh/ssh_host_dsa_key.pub.
[   18.970033] cloud-init[804]: The key fingerprint is:
[   18.970813] cloud-init[804]: SHA256:I4L678omWVSWsdKnabM++pfEtElGXe43XDpS7mskpjY root@ubuntu-bionic
[   18.972330] cloud-init[804]: The key's randomart image is:
[   18.973291] cloud-init[804]: +---[DSA 1024]----+
[   18.984265] cloud-init[804]: |    .o . ..      |
[   18.985107] cloud-init[804]: |   .+.. ..       |
[   18.996284] cloud-init[804]: |  .oo..   . . .  |
[   18.997191] cloud-init[804]: |  .o ++  . + o   |
[   18.998147] cloud-init[804]: | .. *=.oS o B    |
[   18.998913] cloud-init[804]: | ... +=. .o+.o   |
[   18.999946] cloud-init[804]: |.o  .. . o o.    |
[   19.000670] cloud-init[804]: |oo... o E   ..   |
[   19.001187] cloud-init[804]: | o=*=o . . ..    |
[   19.001849] cloud-init[804]: +----[SHA256]-----+
[   19.002461] cloud-init[804]: Generating public/private ecdsa key pair.
[   19.003709] cloud-init[804]: Your identification has been saved in /etc/ssh/ssh_host_ecdsa_key.
[   19.005682] cloud-init[804]: Your public key has been saved in /etc/ssh/ssh_host_ecdsa_key.pub.
[   19.008274] cloud-init[804]: The key fingerprint is:
[   19.009397] cloud-init[804]: SHA256:Vs661+nBFuNWMKTjiVWnzrCzW37G1dBLJByvw55ZTe8 root@ubuntu-bionic
[   19.011170] cloud-init[804]: The key's randomart image is:
[   19.012176] cloud-init[804]: +---[ECDSA 256]---+
[[   19.024290] cloud-init[804]: |            +.o  |
[   19.024378] cloud-init[804]: |           + =.. |
[   19.024420] cloud-init[804]: |          * + oo.|
[0;32m  OK  [0m] Started Initial cloud-init job (metadata service crawler).
[   19.025414] cloud-init[[0;32m  OK  [0m] Reached target System Initialization.
[[0;32m  OK  [0m] Started Discard unused blocks once a week.
[804]:          Starting LXD - unix socket.
[[0;32m  OK  [0m] Started Ubuntu Advantage Timer for running repeated jobs.
[[0;32m  OK  [0m] Started Daily apt download activities.
[[0;32m  OK  [0m] Started Daily apt upgrade and clean activities.
[[0;32m  OK  [0m] Started ACPI Events Check.
[[0;32m  OK  [0m] Listening on ACPID Listen Socket.
         Starting Socket activation for snappy daemon.
[[0;32m  OK  [0m] Started Trigger to poll for Ubuntu …(Only enabled on GCP LTS non-pro).
[[0;32m  OK  [0m] Reached target Paths.
[[0;32m  OK  [0m] Listening on D-Bus System Message Bus Socket.
|         B B.ooo+|
[[0;32m  OK  [0m] Listening on UUID daemon activation socket.
[[0;32m  OK  [0m] Started Message of the Day.
[[0;32m  OK  [0m] Listening on cloud-init hotplug hook socket.
[[0;32m  OK  [0m] Listening on Open-iSCSI iscsid Socket.
[[0;32m  OK  [0m] Started Daily Cleanup of Temporary Directories.
[[0;32m  OK  [0m] Reached target Timers.
[[0;32m  OK  [0m] Reached target Network is Online.
[   19.051042] cloud-init[804]: |        S B =+oo=|
[   19.065738] cloud-init[804]: |       . . =.+=oo|
[   19.068489] cloud-init         Starting Availability of block devices...
[804]: |        . ..B* .E|
[[0;32m  OK  [0m] Reached target Remote File Systems (Pre).
[[0;32m  OK  [0m] Reached target Remote File Systems.
[[0;32m  OK  [0m] Reached target Cloud-config availability.
[[0;32m  OK  [0m] Listening on LXD - unix socket.
[[0;32m  OK  [0m] Listening on Socket activation for snappy daemon.
[[0;32m  OK  [0m] Started Availability of block devices.
[[0;32m  OK  [0m] Reached target Sockets.
[[0;32m  OK  [0m] Reached target Basic System.
[   19.078525] cloud-init[804]: |         ..*o.+  |
[   19.088210] [cloud-init[0;32m  OK  [0m[804]: ] |        ....oo   |Started FUSE filesystem for LXC.

[   19.104281]          cloud-initStarting Virtualbox guest utils...[804]: 
+----[SHA256]-----+
         Starting Pollinate to seed the pseudo random number generator...
[   19.110021] cloud-init[804]: Generating public/private ed25519 key pair.
[   19.111617]          Starting Login Service...
[[0;32m  OK  [0m] Started D-Bus System Message Bus.
cloud-init[804]: Your identification has been saved in /etc/ssh/ssh_host_ed25519_key.
[   19.127184] cloud-init[804]: Your public key has been saved in /etc/ssh/ssh_host_ed25519_key.pub.
[   19.130634] cloud-init[804]: The key fingerprint is:
[   19.134856] cloud-init[804]: SHA256:GWzHIrR9aUqvDgVj6JHb8FsZu5taEaKunENewVmdwLs root@ubuntu-bionic
[   19.139018] cloud-init[804]: The key's randomart image is:
[   19.141470] cloud-init[804]: +--[ED25519 256]--+
[   19.143197] cloud-init[804]: |     .oo .       |
[   19.147261] cloud-init[804]: |     +o+o. .     |
[   19.149829] cloud-init[804]: |   .=oB.X *      |
[   19.156840] cloud-init[804]: |   .+O.B #       |
[   19.158604] cloud-init[804]: |    +.o.S .      |
[   19.161712] cloud-init[804]: |  ... E+ +       |
[   19.165733] [[0;32m  OK  [0m] Started Regular background program processing daemon.
[[0;32m  OK  [0m] Started irqbalance daemon.
cloud-init[804]: | o .. o +        |
[   19.172318]          Starting LXD - container startup/shutdown...
cloud-init[804]: | .oo   + o       |         Starting System Logging Service...
         Starting Permit User Sessions...

[[0;32m  OK  [0m] Started Deferred execution scheduler.
         Starting LSB: automatic crash report generation...
         Starting Accounts Service...
         Starting LSB: Record successful boot for GRUB...
[   19.190281] cloud-init[804]: |  +.  ..+        |
[   19.200285] cloud-init[804]: +----[SHA256]-----+
         Starting Snap Daemon...
         Starting Dispatcher daemon for systemd-networkd...
[[0;32m  OK  [0m] Started System Logging Service.
[[0;32m  OK  [0m] Started LXD - container startup/shutdown.
[[0;32m  OK  [0m] Started Permit User Sessions.
[[0;32m  OK  [0m] Started Login Service.
[[0;32m  OK  [0m] Started Unattended Upgrades Shutdown.
         Starting Terminate Plymouth Boot Screen...
         Starting Hold until boot process finishes up...
[[0;32m  OK  [0m] Started Hold until boot process finishes up.
[[0;32m  OK  [0m] Started Serial Getty on ttyS0.
         Starting Set console scheme...
[[0;32m  OK  [0m] Started Terminate Plymouth Boot Screen.
[[0;32m  OK  [0m] Started Set console scheme.
[[0;32m  OK  [0m] Created slice system-getty.slice.
[[0;32m  OK  [0m] Started Getty on tty1.
[[0;32m  OK  [0m] Reached target Login Prompts.
         Starting Authorization Manager...
[[0;32m  OK  [0m] Started LSB: automatic crash report generation.
[[0;32m  OK  [0m] Started Authorization Manager.
[[0;32m  OK  [0m] Started Accounts Service.
[[0;32m  OK  [0m] Started Virtualbox guest utils.
[[0;32m  OK  [0m] Started LSB: Record successful boot for GRUB.
[[0;32m  OK  [0m] Started Dispatcher daemon for systemd-networkd.
[[0;32m  OK  [0m] Started Snap Daemon.
         Starting Wait until snapd is fully seeded...
         Starting Time & Date Service...
[[0;32m  OK  [0m] Started Time & Date Service.
[[0;32m  OK  [0m] Started Pollinate to seed the pseudo random number generator.
         Starting OpenBSD Secure Shell server...
[[0;32m  OK  [0m] Started OpenBSD Secure Shell server.
[[0;32m  OK  [0m] Created slice User Slice of vagrant.
         Starting User Manager for UID 1000...
[[0;32m  OK  [0m] Started Session 1 of user vagrant.
[[0;32m  OK  [0m] Started User Manager for UID 1000.
[[0;32m  OK  [0m] Started Wait until snapd is fully seeded.
         Starting Apply the settings specified in cloud-config...
[[0;32m  OK  [0m] Reached target Multi-User System.
[[0;32m  OK  [0m] Reached target Graphical Interface.
         Starting Update UTMP about System Runlevel Changes...
[[0;32m  OK  [0m] Started Update UTMP about System Runlevel Changes.
[[0;32m  OK  [0m] Started Session 3 of user vagrant.
[   24.042881] cloud-init[1531]: Cloud-init v. 21.4-0ubuntu1~18.04.1 running 'modules:config' at Mon, 21 Mar 2022 03:04:08 +0000. Up 23.66 seconds.
[[0;32m  OK  [0m] Started Apply the settings specified in cloud-config.
         Starting Execute cloud user/final scripts...
ci-info: no authorized SSH keys fingerprints found for user ubuntu.
<14>Mar 21 03:04:09 cloud-init: #############################################################
<14>Mar 21 03:04:09 cloud-init: -----BEGIN SSH HOST KEY FINGERPRINTS-----
<14>Mar 21 03:04:09 cloud-init: 1024 SHA256:I4L678omWVSWsdKnabM++pfEtElGXe43XDpS7mskpjY root@ubuntu-bionic (DSA)
<14>Mar 21 03:04:09 cloud-init: 256 SHA256:Vs661+nBFuNWMKTjiVWnzrCzW37G1dBLJByvw55ZTe8 root@ubuntu-bionic (ECDSA)
<14>Mar 21 03:04:09 cloud-init: 256 SHA256:GWzHIrR9aUqvDgVj6JHb8FsZu5taEaKunENewVmdwLs root@ubuntu-bionic (ED25519)
<14>Mar 21 03:04:09 cloud-init: 2048 SHA256:kLMp43IIbOaCOIs89lLYTzUBW9/8Z9ljLXQC9RN3q9Y root@ubuntu-bionic (RSA)
<14>Mar 21 03:04:09 cloud-init: -----END SSH HOST KEY FINGERPRINTS-----
<14>Mar 21 03:04:09 cloud-init: #############################################################
-----BEGIN SSH HOST KEY KEYS-----
ecdsa-sha2-nistp256 AAAAE2VjZHNhLXNoYTItbmlzdHAyNTYAAAAIbmlzdHAyNTYAAABBBEEkzA9fNK1YjR6B7qiaN5kWaGdB0osPRRwf7FtPNNlPv/0WJk3WsNQUZ42VW51iOYWmWh0cz0pE+BFs3CLnTq4= root@ubuntu-bionic
ssh-ed25519 AAAAC3NzaC1lZDI1NTE5AAAAIPeEFJGbEw/D0DPfVTn0f/6Htc9i3gWP4hkhHTOIgxYk root@ubuntu-bionic
ssh-rsa AAAAB3NzaC1yc2EAAAADAQABAAABAQD3oPGdOOi/pE/SyfdAIBaKWVfnomQpK4sjyeZ02QrPFiKbwHe2RGFRBIG8FNRdah3UHJhFZxi2kzXn2nHoqToXslcJwcNfvWI+8QPmMx/aTDiHTWkabRzurln+EA1eSTNrJrDrP2iIP7J31ZQKF3jVdjBXXBD5949+rec8Ct4UCTAj/2z8SOKTk6olpPnwzv7UgH3rlP0kUwI1v6OUHZ4hl6T33QaGMOh8Gw6Uvsvf6LWbC3lfOGj1G+bogwtNiFyp6HxgBaXxPKDgqRvlvk5cBVpeHSs7ZB6GlMWZ/x5sjsflv1nqUZ02zsRM1ed3HCC1xRFsre5VYro6VL5bheCZ root@ubuntu-bionic
-----END SSH HOST KEY KEYS-----
[   24.610599] cloud-init[1694]: Cloud-init v. 21.4-0ubuntu1~18.04.1 running 'modules:final' at Mon, 21 Mar 2022 03:04:09 +0000. Up 24.48 seconds.
[   24.612410] cloud-init[1694]: ci-info: no authorized SSH keys fingerprints found for user ubuntu.
[   24.613881] cloud-init[1694]: Cloud-init v. 21.4-0ubuntu1~18.04.1 finished at Mon, 21 Mar 2022 03:04:09 +0000. Datasource DataSourceNoCloud [seed=/dev/sdb][dsmode=net].  Up 24.59 seconds

Ubuntu 18.04.6 LTS gitlab ttyS0

gitlab login: 